[debug] [2021-11-15T17:27:16.164Z] ----------------------------------------------------------------------
[debug] [2021-11-15T17:27:16.168Z] Command:       C:\Program Files\nodejs\node.exe C:\Users\Personal\AppData\Roaming\npm\node_modules\firebase-tools\lib\bin\firebase.js init
[debug] [2021-11-15T17:27:16.169Z] CLI Version:   9.22.0
[debug] [2021-11-15T17:27:16.169Z] Platform:      win32
[debug] [2021-11-15T17:27:16.169Z] Node Version:  v16.4.0
[debug] [2021-11-15T17:27:16.170Z] Time:          Mon Nov 15 2021 23:27:16 GMT+0600 (Bangladesh Standard Time)
[debug] [2021-11-15T17:27:16.171Z] ----------------------------------------------------------------------
[debug] 
[debug] [2021-11-15T17:27:16.251Z] > command requires scopes: ["email","openid","https://www.googleapis.com/auth/cloudplatformprojects.readonly","https://www.googleapis.com/auth/firebase","https://www.googleapis.com/auth/cloud-platform"]
[debug] [2021-11-15T17:27:16.252Z] > authorizing via signed-in user (tasnmhasan@gmail.com)
[info] 
     ######## #### ########  ######## ########     ###     ######  ########
     ##        ##  ##     ## ##       ##     ##  ##   ##  ##       ##
     ######    ##  ########  ######   ########  #########  ######  ######
     ##        ##  ##    ##  ##       ##     ## ##     ##       ## ##
     ##       #### ##     ## ######## ########  ##     ##  ######  ########

You're about to initialize a Firebase project in this directory:

  E:\1212.Last Assignment\assignment12-client

Before we get started, keep in mind:

  * You are initializing within an existing Firebase project directory

[info] 
=== Project Setup
[info] 
[info] First, let's associate this project directory with a Firebase project.
[info] You can create multiple project aliases by running firebase use --add, 
[info] but for now we'll just set up a default project.
[info] 
[info] i  .firebaserc already has a default project, using lamborghini-wheels. 
[debug] [2021-11-15T17:27:38.518Z] >>> [apiv2][query] GET https://firebase.googleapis.com/v1beta1/projects/lamborghini-wheels [none]
[debug] [2021-11-15T17:27:39.701Z] <<< [apiv2][status] GET https://firebase.googleapis.com/v1beta1/projects/lamborghini-wheels 403
[debug] [2021-11-15T17:27:39.701Z] <<< [apiv2][body] GET https://firebase.googleapis.com/v1beta1/projects/lamborghini-wheels {"error":{"code":403,"message":"The caller does not have permission","status":"PERMISSION_DENIED"}}
[debug] [2021-11-15T17:27:39.702Z] HTTP Error: 403, The caller does not have permission
[debug] [2021-11-15T17:27:40.465Z] FirebaseError: HTTP Error: 403, The caller does not have permission
    at module.exports (C:\Users\Personal\AppData\Roaming\npm\node_modules\firebase-tools\lib\responseToError.js:38:12)
    at Client.doRequest (C:\Users\Personal\AppData\Roaming\npm\node_modules\firebase-tools\lib\apiv2.js:241:23)
    at processTicksAndRejections (node:internal/process/task_queues:96:5)
    at async Client.request (C:\Users\Personal\AppData\Roaming\npm\node_modules\firebase-tools\lib\apiv2.js:96:20)
    at async Object.getFirebaseProject (C:\Users\Personal\AppData\Roaming\npm\node_modules\firebase-tools\lib\management\projects.js:290:21)
    at async Object.doSetup [as project] (C:\Users\Personal\AppData\Roaming\npm\node_modules\firebase-tools\lib\init\features\project.js:77:27)
    at async init (C:\Users\Personal\AppData\Roaming\npm\node_modules\firebase-tools\lib\init\index.js:19:9)
[error] 
[error] Error: Failed to get Firebase project lamborghini-wheels. Please make sure the project exists and your account has permission to access it.
[debug] [2021-11-15T17:28:46.642Z] ----------------------------------------------------------------------
[debug] [2021-11-15T17:28:46.645Z] Command:       C:\Program Files\nodejs\node.exe C:\Users\Personal\AppData\Roaming\npm\node_modules\firebase-tools\lib\bin\firebase.js init
[debug] [2021-11-15T17:28:46.646Z] CLI Version:   9.22.0
[debug] [2021-11-15T17:28:46.646Z] Platform:      win32
[debug] [2021-11-15T17:28:46.646Z] Node Version:  v16.4.0
[debug] [2021-11-15T17:28:46.647Z] Time:          Mon Nov 15 2021 23:28:46 GMT+0600 (Bangladesh Standard Time)
[debug] [2021-11-15T17:28:46.648Z] ----------------------------------------------------------------------
[debug] 
[debug] [2021-11-15T17:28:46.734Z] > command requires scopes: ["email","openid","https://www.googleapis.com/auth/cloudplatformprojects.readonly","https://www.googleapis.com/auth/firebase","https://www.googleapis.com/auth/cloud-platform"]
[debug] [2021-11-15T17:28:46.734Z] > authorizing via signed-in user (tasnmhasan@gmail.com)
[info] 
     ######## #### ########  ######## ########     ###     ######  ########
     ##        ##  ##     ## ##       ##     ##  ##   ##  ##       ##
     ######    ##  ########  ######   ########  #########  ######  ######
     ##        ##  ##    ##  ##       ##     ## ##     ##       ## ##
     ##       #### ##     ## ######## ########  ##     ##  ######  ########

You're about to initialize a Firebase project in this directory:

  E:\1212.Last Assignment\assignment12-client

Before we get started, keep in mind:

  * You are initializing within an existing Firebase project directory

